<?xml version="1.0" encoding="UTF-8"?>
<testsuite xmlns:xsi="http://www.w3.org/2001/XMLSchema-instance" xsi:noNamespaceSchemaLocation="https://maven.apache.org/surefire/maven-surefire-plugin/xsd/surefire-test-report-3.0.xsd" version="3.0" name="TestSuite" time="1.198" tests="28" errors="0" skipped="0" failures="0">
  <properties>
[...]
</properties>
  <testcase name="func15" classname="com.pack3.TestClass1514" time="0.024"/>
  <testcase name="func15" classname="com.pack3.TestClass1514" time="0.008"/>
  <testcase name="func3" classname="com.pack1.TestClass32" time="0.036"/>
  <testcase name="func3" classname="com.pack1.TestClass32" time="0"/>
  <testcase name="func14" classname="com.pack3.TestClass1514" time="0"/>
  <testcase name="func14" classname="com.pack3.TestClass1514" time="0"/>
  <testcase name="func2" classname="com.pack1.TestClass32" time="0"/>
  <testcase name="func2" classname="com.pack1.TestClass32" time="0"/>
  <testcase name="func5" classname="com.pack1.TestClass54" time="0"/>
  <testcase name="func5" classname="com.pack1.TestClass54" time="0"/>
  <testcase name="func4" classname="com.pack1.TestClass54" time="0"/>
  <testcase name="func4" classname="com.pack1.TestClass54" time="0.004"/>
  <testcase name="func7" classname="com.pack1.TestClass76" time="0.008"/>
  <testcase name="func7" classname="com.pack1.TestClass76" time="0.004"/>
  <testcase name="func12" classname="com.pack3.TestClass1213" time="0.008"/>
  <testcase name="func12" classname="com.pack3.TestClass1213" time="0.004"/>
  <testcase name="func6" classname="com.pack1.TestClass76" time="0"/>
  <testcase name="func6" classname="com.pack1.TestClass76" time="0"/>
  <testcase name="func13" classname="com.pack3.TestClass1213" time="0.004"/>
  <testcase name="func13" classname="com.pack3.TestClass1213" time="0"/>
  <testcase name="func11" classname="com.pack2.TestClass1110" time="0.004"/>
  <testcase name="func11" classname="com.pack2.TestClass1110" time="0.004"/>
  <testcase name="func10" classname="com.pack2.TestClass1110" time="0.004"/>
  <testcase name="func10" classname="com.pack2.TestClass1110" time="0.028"/>
  <testcase name="func8" classname="com.pack2.TestClass89" time="0"/>
  <testcase name="func8" classname="com.pack2.TestClass89" time="0.008"/>
  <testcase name="func9" classname="com.pack2.TestClass89" time="0.008"/>
  <testcase name="func9" classname="com.pack2.TestClass89" time="0"/>
</testsuite>