<?xml version="1.0" encoding="UTF-8"?>
<testng-results skipped="0" failed="0" total="28" passed="28">
  <reporter-output>
  </reporter-output>
  <suite name="Main Test Suite" duration-ms="48" started-at="2019-11-27T15:13:47Z" finished-at="2019-11-27T15:13:47Z">
    <groups>
    </groups>
    <test name="Testing 1" duration-ms="48" started-at="2019-11-27T15:13:47Z" finished-at="2019-11-27T15:13:47Z">
      <class name="com.pack1.TestClass32">
        <test-method status="PASS" signature="func3()[pri:1, instance:com.pack1.TestClass32@3b81a1bc]" name="func3" duration-ms="16" started-at="2019-11-27T20:43:47Z" finished-at="2019-11-27T20:43:47Z">
          <reporter-output>
          </reporter-output>
        </test-method> <!-- func3 -->
        <test-method status="PASS" signature="func2()[pri:2, instance:com.pack1.TestClass32@3b81a1bc]" name="func2" duration-ms="0" started-at="2019-11-27T20:43:47Z" finished-at="2019-11-27T20:43:47Z">
          <reporter-output>
          </reporter-output>
        </test-method> <!-- func2 -->
      </class> <!-- com.pack1.TestClass32 -->
      <class name="com.pack1.TestClass54">
        <test-method status="PASS" signature="func4()[pri:2, instance:com.pack1.TestClass54@64616ca2]" name="func4" duration-ms="0" started-at="2019-11-27T20:43:47Z" finished-at="2019-11-27T20:43:47Z">
          <reporter-output>
          </reporter-output>
        </test-method> <!-- func4 -->
        <test-method status="PASS" signature="func5()[pri:1, instance:com.pack1.TestClass54@64616ca2]" name="func5" duration-ms="0" started-at="2019-11-27T20:43:47Z" finished-at="2019-11-27T20:43:47Z">
          <reporter-output>
          </reporter-output>
        </test-method> <!-- func5 -->
      </class> <!-- com.pack1.TestClass54 -->
      <class name="com.pack1.TestClass76">
        <test-method status="PASS" signature="func7()[pri:1, instance:com.pack1.TestClass76@13fee20c]" name="func7" duration-ms="4" started-at="2019-11-27T20:43:47Z" finished-at="2019-11-27T20:43:47Z">
          <reporter-output>
          </reporter-output>
        </test-method> <!-- func7 -->
        <test-method status="PASS" signature="func6()[pri:2, instance:com.pack1.TestClass76@13fee20c]" name="func6" duration-ms="4" started-at="2019-11-27T20:43:47Z" finished-at="2019-11-27T20:43:47Z">
          <reporter-output>
          </reporter-output>
        </test-method> <!-- func6 -->
      </class> <!-- com.pack1.TestClass76 -->
    </test> <!-- Testing 1 -->
    <test name="Testing 3" duration-ms="48" started-at="2019-11-27T15:13:47Z" finished-at="2019-11-27T15:13:47Z">
      <class name="com.pack3.TestClass1514">
        <test-method status="PASS" signature="func15()[pri:1, instance:com.pack3.TestClass1514@60f82f98]" name="func15" duration-ms="16" started-at="2019-11-27T20:43:47Z" finished-at="2019-11-27T20:43:47Z">
          <reporter-output>
          </reporter-output>
        </test-method> <!-- func15 -->
        <test-method status="PASS" signature="func14()[pri:2, instance:com.pack3.TestClass1514@60f82f98]" name="func14" duration-ms="0" started-at="2019-11-27T20:43:47Z" finished-at="2019-11-27T20:43:47Z">
          <reporter-output>
          </reporter-output>
        </test-method> <!-- func14 -->
      </class> <!-- com.pack3.TestClass1514 -->
      <class name="com.pack3.TestClass1213">
        <test-method status="PASS" signature="func12()[pri:1, instance:com.pack3.TestClass1213@edf4efb]" name="func12" duration-ms="8" started-at="2019-11-27T20:43:47Z" finished-at="2019-11-27T20:43:47Z">
          <reporter-output>
          </reporter-output>
        </test-method> <!-- func12 -->
        <test-method status="PASS" signature="func13()[pri:2, instance:com.pack3.TestClass1213@edf4efb]" name="func13" duration-ms="4" started-at="2019-11-27T20:43:47Z" finished-at="2019-11-27T20:43:47Z">
          <reporter-output>
          </reporter-output>
        </test-method> <!-- func13 -->
      </class> <!-- com.pack3.TestClass1213 -->
    </test> <!-- Testing 3 -->
  </suite> <!-- Main Test Suite -->
  <suite name="Main Test Suite (1)" duration-ms="12" started-at="2019-11-27T15:13:47Z" finished-at="2019-11-27T15:13:47Z">
    <groups>
    </groups>
    <test name="Testing 2" duration-ms="12" started-at="2019-11-27T15:13:47Z" finished-at="2019-11-27T15:13:47Z">
      <class name="com.pack2.TestClass1110">
        <test-method status="PASS" signature="func11()[pri:1, instance:com.pack2.TestClass1110@90f6bfd]" name="func11" duration-ms="4" started-at="2019-11-27T20:43:47Z" finished-at="2019-11-27T20:43:47Z">
          <reporter-output>
          </reporter-output>
        </test-method> <!-- func11 -->
        <test-method status="PASS" signature="func10()[pri:2, instance:com.pack2.TestClass1110@90f6bfd]" name="func10" duration-ms="0" started-at="2019-11-27T20:43:47Z" finished-at="2019-11-27T20:43:47Z">
          <reporter-output>
          </reporter-output>
        </test-method> <!-- func10 -->
      </class> <!-- com.pack2.TestClass1110 -->
      <class name="com.pack2.TestClass89">
        <test-method status="PASS" signature="func8()[pri:1, instance:com.pack2.TestClass89@4157f54e]" name="func8" duration-ms="0" started-at="2019-11-27T20:43:47Z" finished-at="2019-11-27T20:43:47Z">
          <reporter-output>
          </reporter-output>
        </test-method> <!-- func8 -->
        <test-method status="PASS" signature="func9()[pri:2, instance:com.pack2.TestClass89@4157f54e]" name="func9" duration-ms="0" started-at="2019-11-27T20:43:47Z" finished-at="2019-11-27T20:43:47Z">
          <reporter-output>
          </reporter-output>
        </test-method> <!-- func9 -->
      </class> <!-- com.pack2.TestClass89 -->
    </test> <!-- Testing 2 -->
    <test name="Testing 3" duration-ms="8" started-at="2019-11-27T15:13:47Z" finished-at="2019-11-27T15:13:47Z">
      <class name="com.pack3.TestClass1514">
        <test-method status="PASS" signature="func15()[pri:1, instance:com.pack3.TestClass1514@3a03464]" name="func15" duration-ms="0" started-at="2019-11-27T20:43:47Z" finished-at="2019-11-27T20:43:47Z">
          <reporter-output>
          </reporter-output>
        </test-method> <!-- func15 -->
        <test-method status="PASS" signature="func14()[pri:2, instance:com.pack3.TestClass1514@3a03464]" name="func14" duration-ms="4" started-at="2019-11-27T20:43:47Z" finished-at="2019-11-27T20:43:47Z">
          <reporter-output>
          </reporter-output>
        </test-method> <!-- func14 -->
      </class> <!-- com.pack3.TestClass1514 -->
      <class name="com.pack3.TestClass1213">
        <test-method status="PASS" signature="func12()[pri:1, instance:com.pack3.TestClass1213@2d3fcdbd]" name="func12" duration-ms="4" started-at="2019-11-27T20:43:47Z" finished-at="2019-11-27T20:43:47Z">
          <reporter-output>
          </reporter-output>
        </test-method> <!-- func12 -->
        <test-method status="PASS" signature="func13()[pri:2, instance:com.pack3.TestClass1213@2d3fcdbd]" name="func13" duration-ms="0" started-at="2019-11-27T20:43:47Z" finished-at="2019-11-27T20:43:47Z">
          <reporter-output>
          </reporter-output>
        </test-method> <!-- func13 -->
      </class> <!-- com.pack3.TestClass1213 -->
    </test> <!-- Testing 3 -->
  </suite> <!-- Main Test Suite (1) -->
  <suite name="Main Test Suite (0)" duration-ms="16" started-at="2019-11-27T15:13:47Z" finished-at="2019-11-27T15:13:47Z">
    <groups>
    </groups>
    <test name="Testing 2" duration-ms="12" started-at="2019-11-27T15:13:47Z" finished-at="2019-11-27T15:13:47Z">
      <class name="com.pack2.TestClass1110">
        <test-method status="PASS" signature="func11()[pri:1, instance:com.pack2.TestClass1110@614c5515]" name="func11" duration-ms="4" started-at="2019-11-27T20:43:47Z" finished-at="2019-11-27T20:43:47Z">
          <reporter-output>
          </reporter-output>
        </test-method> <!-- func11 -->
        <test-method status="PASS" signature="func10()[pri:2, instance:com.pack2.TestClass1110@614c5515]" name="func10" duration-ms="0" started-at="2019-11-27T20:43:47Z" finished-at="2019-11-27T20:43:47Z">
          <reporter-output>
          </reporter-output>
        </test-method> <!-- func10 -->
      </class> <!-- com.pack2.TestClass1110 -->
      <class name="com.pack2.TestClass89">
        <test-method status="PASS" signature="func8()[pri:1, instance:com.pack2.TestClass89@77b52d12]" name="func8" duration-ms="0" started-at="2019-11-27T20:43:47Z" finished-at="2019-11-27T20:43:47Z">
          <reporter-output>
          </reporter-output>
        </test-method> <!-- func8 -->
        <test-method status="PASS" signature="func9()[pri:2, instance:com.pack2.TestClass89@77b52d12]" name="func9" duration-ms="4" started-at="2019-11-27T20:43:47Z" finished-at="2019-11-27T20:43:47Z">
          <reporter-output>
          </reporter-output>
        </test-method> <!-- func9 -->
      </class> <!-- com.pack2.TestClass89 -->
    </test> <!-- Testing 2 -->
    <test name="Testing 1" duration-ms="16" started-at="2019-11-27T15:13:47Z" finished-at="2019-11-27T15:13:47Z">
      <class name="com.pack1.TestClass76">
        <test-method status="PASS" signature="func7()[pri:1, instance:com.pack1.TestClass76@62043840]" name="func7" duration-ms="0" started-at="2019-11-27T20:43:47Z" finished-at="2019-11-27T20:43:47Z">
          <reporter-output>
          </reporter-output>
        </test-method> <!-- func7 -->
        <test-method status="PASS" signature="func6()[pri:2, instance:com.pack1.TestClass76@62043840]" name="func6" duration-ms="0" started-at="2019-11-27T20:43:47Z" finished-at="2019-11-27T20:43:47Z">
          <reporter-output>
          </reporter-output>
        </test-method> <!-- func6 -->
      </class> <!-- com.pack1.TestClass76 -->
      <class name="com.pack1.TestClass54">
        <test-method status="PASS" signature="func5()[pri:1, instance:com.pack1.TestClass54@246ae04d]" name="func5" duration-ms="0" started-at="2019-11-27T20:43:47Z" finished-at="2019-11-27T20:43:47Z">
          <reporter-output>
          </reporter-output>
        </test-method> <!-- func5 -->
        <test-method status="PASS" signature="func4()[pri:2, instance:com.pack1.TestClass54@246ae04d]" name="func4" duration-ms="4" started-at="2019-11-27T20:43:47Z" finished-at="2019-11-27T20:43:47Z">
          <reporter-output>
          </reporter-output>
        </test-method> <!-- func4 -->
      </class> <!-- com.pack1.TestClass54 -->
      <class name="com.pack1.TestClass32">
        <test-method status="PASS" signature="func2()[pri:2, instance:com.pack1.TestClass32@2c6a3f77]" name="func2" duration-ms="4" started-at="2019-11-27T20:43:47Z" finished-at="2019-11-27T20:43:47Z">
          <reporter-output>
          </reporter-output>
        </test-method> <!-- func2 -->
        <test-method status="PASS" signature="func3()[pri:1, instance:com.pack1.TestClass32@2c6a3f77]" name="func3" duration-ms="0" started-at="2019-11-27T20:43:47Z" finished-at="2019-11-27T20:43:47Z">
          <reporter-output>
          </reporter-output>
        </test-method> <!-- func3 -->
      </class> <!-- com.pack1.TestClass32 -->
    </test> <!-- Testing 1 -->
  </suite> <!-- Main Test Suite (0) -->
</testng-results>
