<?xml version="1.0" encoding="UTF-8"?>
<testng-results skipped="0" failed="0" total="14" passed="14">
  <reporter-output>
  </reporter-output>
  <suite name="Main Test Suite" duration-ms="112" started-at="2019-11-27T15:00:36Z" finished-at="2019-11-27T15:00:36Z">
    <groups>
    </groups>
    <test name="Testing Employee Full SET" duration-ms="112" started-at="2019-11-27T15:00:36Z" finished-at="2019-11-27T15:00:36Z">
      <class name="com.pack2.TestClass1110">
        <test-method status="PASS" signature="func11()[pri:1, instance:com.pack2.TestClass1110@5dfcfece]" name="func11" duration-ms="12" started-at="2019-11-27T20:30:36Z" finished-at="2019-11-27T20:30:36Z">
          <reporter-output>
          </reporter-output>
        </test-method> <!-- func11 -->
        <test-method status="PASS" signature="func10()[pri:2, instance:com.pack2.TestClass1110@5dfcfece]" name="func10" duration-ms="4" started-at="2019-11-27T20:30:36Z" finished-at="2019-11-27T20:30:36Z">
          <reporter-output>
          </reporter-output>
        </test-method> <!-- func10 -->
      </class> <!-- com.pack2.TestClass1110 -->
      <class name="com.pack3.TestClass1514">
        <test-method status="PASS" signature="func15()[pri:1, instance:com.pack3.TestClass1514@6cc4c815]" name="func15" duration-ms="4" started-at="2019-11-27T20:30:36Z" finished-at="2019-11-27T20:30:36Z">
          <reporter-output>
          </reporter-output>
        </test-method> <!-- func15 -->
        <test-method status="PASS" signature="func14()[pri:2, instance:com.pack3.TestClass1514@6cc4c815]" name="func14" duration-ms="4" started-at="2019-11-27T20:30:36Z" finished-at="2019-11-27T20:30:36Z">
          <reporter-output>
          </reporter-output>
        </test-method> <!-- func14 -->
      </class> <!-- com.pack3.TestClass1514 -->
      <class name="com.pack3.TestClass1213">
        <test-method status="PASS" signature="func12()[pri:1, instance:com.pack3.TestClass1213@3a82f6ef]" name="func12" duration-ms="4" started-at="2019-11-27T20:30:36Z" finished-at="2019-11-27T20:30:36Z">
          <reporter-output>
          </reporter-output>
        </test-method> <!-- func12 -->
        <test-method status="PASS" signature="func13()[pri:2, instance:com.pack3.TestClass1213@3a82f6ef]" name="func13" duration-ms="0" started-at="2019-11-27T20:30:36Z" finished-at="2019-11-27T20:30:36Z">
          <reporter-output>
          </reporter-output>
        </test-method> <!-- func13 -->
      </class> <!-- com.pack3.TestClass1213 -->
      <class name="com.pack2.TestClass89">
        <test-method status="PASS" signature="func8()[pri:1, instance:com.pack2.TestClass89@56f4468b]" name="func8" duration-ms="4" started-at="2019-11-27T20:30:36Z" finished-at="2019-11-27T20:30:36Z">
          <reporter-output>
          </reporter-output>
        </test-method> <!-- func8 -->
        <test-method status="PASS" signature="func9()[pri:2, instance:com.pack2.TestClass89@56f4468b]" name="func9" duration-ms="4" started-at="2019-11-27T20:30:36Z" finished-at="2019-11-27T20:30:36Z">
          <reporter-output>
          </reporter-output>
        </test-method> <!-- func9 -->
      </class> <!-- com.pack2.TestClass89 -->
      <class name="com.pack1.TestClass76">
        <test-method status="PASS" signature="func7()[pri:1, instance:com.pack1.TestClass76@2ef5e5e3]" name="func7" duration-ms="0" started-at="2019-11-27T20:30:36Z" finished-at="2019-11-27T20:30:36Z">
          <reporter-output>
          </reporter-output>
        </test-method> <!-- func7 -->
        <test-method status="PASS" signature="func6()[pri:2, instance:com.pack1.TestClass76@2ef5e5e3]" name="func6" duration-ms="0" started-at="2019-11-27T20:30:36Z" finished-at="2019-11-27T20:30:36Z">
          <reporter-output>
          </reporter-output>
        </test-method> <!-- func6 -->
      </class> <!-- com.pack1.TestClass76 -->
      <class name="com.pack1.TestClass54">
        <test-method status="PASS" signature="func5()[pri:1, instance:com.pack1.TestClass54@643b1d11]" name="func5" duration-ms="4" started-at="2019-11-27T20:30:36Z" finished-at="2019-11-27T20:30:36Z">
          <reporter-output>
          </reporter-output>
        </test-method> <!-- func5 -->
        <test-method status="PASS" signature="func4()[pri:2, instance:com.pack1.TestClass54@643b1d11]" name="func4" duration-ms="0" started-at="2019-11-27T20:30:36Z" finished-at="2019-11-27T20:30:36Z">
          <reporter-output>
          </reporter-output>
        </test-method> <!-- func4 -->
      </class> <!-- com.pack1.TestClass54 -->
      <class name="com.pack1.TestClass32">
        <test-method status="PASS" signature="func3()[pri:1, instance:com.pack1.TestClass32@100fc185]" name="func3" duration-ms="0" started-at="2019-11-27T20:30:36Z" finished-at="2019-11-27T20:30:36Z">
          <reporter-output>
          </reporter-output>
        </test-method> <!-- func3 -->
        <test-method status="PASS" signature="func2()[pri:2, instance:com.pack1.TestClass32@100fc185]" name="func2" duration-ms="0" started-at="2019-11-27T20:30:36Z" finished-at="2019-11-27T20:30:36Z">
          <reporter-output>
          </reporter-output>
        </test-method> <!-- func2 -->
      </class> <!-- com.pack1.TestClass32 -->
    </test> <!-- Testing Employee Full SET -->
  </suite> <!-- Main Test Suite -->
</testng-results>
