<?xml version="1.0" encoding="UTF-8"?>
<!-- Generated by org.testng.reporters.JUnitXMLReporter -->
<testsuite hostname="DESKTOP-AF71NMN" name="Testing 2" tests="4" failures="0" timestamp="27 Nov 2019 14:56:56 GMT" time="0.064" errors="0">
  <testcase name="func8" time="0.016" classname="com.pack2.TestClass89"/>
  <testcase name="func9" time="0.004" classname="com.pack2.TestClass89"/>
  <testcase name="func11" time="0.004" classname="com.pack2.TestClass1110"/>
  <testcase name="func10" time="0.004" classname="com.pack2.TestClass1110"/>
</testsuite> <!-- Testing 2 -->
