<?xml version="1.0" encoding="UTF-8"?>
<!-- Generated by org.testng.reporters.JUnitXMLReporter -->
<testsuite hostname="DESKTOP-AF71NMN" name="Testing 1" tests="6" failures="0" timestamp="27 Nov 2019 14:57:13 GMT" time="0.084" errors="0">
  <testcase name="func3" time="0.016" classname="com.pack1.TestClass32"/>
  <testcase name="func2" time="0.004" classname="com.pack1.TestClass32"/>
  <testcase name="func5" time="0.004" classname="com.pack1.TestClass54"/>
  <testcase name="func4" time="0.008" classname="com.pack1.TestClass54"/>
  <testcase name="func7" time="0.008" classname="com.pack1.TestClass76"/>
  <testcase name="func6" time="0.004" classname="com.pack1.TestClass76"/>
</testsuite> <!-- Testing 1 -->
