<?xml version="1.0" encoding="UTF-8"?>
<!-- Generated by org.testng.reporters.JUnitXMLReporter -->
<testsuite hostname="DESKTOP-AF71NMN" name="Testing Employee Full SET" tests="14" failures="0" timestamp="27 Nov 2019 15:00:36 GMT" time="0.112" errors="0">
  <testcase name="func11" time="0.012" classname="com.pack2.TestClass1110"/>
  <testcase name="func10" time="0.004" classname="com.pack2.TestClass1110"/>
  <testcase name="func8" time="0.004" classname="com.pack2.TestClass89"/>
  <testcase name="func9" time="0.004" classname="com.pack2.TestClass89"/>
  <testcase name="func15" time="0.004" classname="com.pack3.TestClass1514"/>
  <testcase name="func14" time="0.004" classname="com.pack3.TestClass1514"/>
  <testcase name="func12" time="0.004" classname="com.pack3.TestClass1213"/>
  <testcase name="func13" time="0.0" classname="com.pack3.TestClass1213"/>
  <testcase name="func3" time="0.0" classname="com.pack1.TestClass32"/>
  <testcase name="func2" time="0.0" classname="com.pack1.TestClass32"/>
  <testcase name="func5" time="0.004" classname="com.pack1.TestClass54"/>
  <testcase name="func4" time="0.0" classname="com.pack1.TestClass54"/>
  <testcase name="func7" time="0.0" classname="com.pack1.TestClass76"/>
  <testcase name="func6" time="0.0" classname="com.pack1.TestClass76"/>
</testsuite> <!-- Testing Employee Full SET -->
